[INFO] Scanning for projects...
[INFO] 
[INFO] ----------------------------< rs.lab:notes >----------------------------
[INFO] Building notes 0.0.1-SNAPSHOT
[INFO]   from pom.xml
[INFO] --------------------------------[ jar ]---------------------------------
[INFO] 
[INFO] >>> spring-boot:3.0.0:run (default-cli) > test-compile @ notes >>>
[INFO] 
[INFO] --- resources:3.3.1:resources (default-resources) @ notes ---
[INFO] Copying 1 resource from src/main/resources to target/classes
[INFO] Copying 1 resource from src/main/resources to target/classes
[INFO] 
[INFO] --- compiler:3.11.0:compile (default-compile) @ notes ---
[INFO] Nothing to compile - all classes are up to date
[INFO] 
[INFO] --- resources:3.3.1:testResources (default-testResources) @ notes ---
[INFO] skip non existing resourceDirectory /Users/kavish/Downloads/snappy-board-main/sources/backend/java/src/test/resources
[INFO] 
[INFO] --- compiler:3.11.0:testCompile (default-testCompile) @ notes ---
[INFO] Nothing to compile - all classes are up to date
[INFO] 
[INFO] <<< spring-boot:3.0.0:run (default-cli) < test-compile @ notes <<<
[INFO] 
[INFO] 
[INFO] --- spring-boot:3.0.0:run (default-cli) @ notes ---
[INFO] Attaching agents: []

  .   ____          _            __ _ _
 /\\ / ___'_ __ _ _(_)_ __  __ _ \ \ \ \
( ( )\___ | '_ | '_| | '_ \/ _` | \ \ \ \
 \\/  ___)| |_)| | | | | || (_| |  ) ) ) )
  '  |____| .__|_| |_|_| |_\__, | / / / /
 =========|_|==============|___/=/_/_/_/
 :: Spring Boot ::                (v3.2.0)

2024-03-02T02:34:49.309+05:30  INFO 31774 --- [           main] rs.lab.notes.NotesApplication            : Starting NotesApplication using Java 21.0.2 with PID 31774 (/Users/kavish/Downloads/snappy-board-main/sources/backend/java/target/classes started by kavish in /Users/kavish/Downloads/snappy-board-main/sources/backend/java)
2024-03-02T02:34:49.311+05:30  INFO 31774 --- [           main] rs.lab.notes.NotesApplication            : No active profile set, falling back to 1 default profile: "default"
2024-03-02T02:34:49.835+05:30  INFO 31774 --- [           main] .s.d.r.c.RepositoryConfigurationDelegate : Bootstrapping Spring Data JPA repositories in DEFAULT mode.
2024-03-02T02:34:49.886+05:30  INFO 31774 --- [           main] .s.d.r.c.RepositoryConfigurationDelegate : Finished Spring Data repository scanning in 46 ms. Found 6 JPA repository interfaces.
2024-03-02T02:34:50.304+05:30  INFO 31774 --- [           main] o.s.b.w.embedded.tomcat.TomcatWebServer  : Tomcat initialized with port 8080 (http)
2024-03-02T02:34:50.324+05:30  INFO 31774 --- [           main] o.apache.catalina.core.StandardService   : Starting service [Tomcat]
2024-03-02T02:34:50.324+05:30  INFO 31774 --- [           main] o.apache.catalina.core.StandardEngine    : Starting Servlet engine: [Apache Tomcat/10.1.16]
2024-03-02T02:34:50.361+05:30  INFO 31774 --- [           main] o.a.c.c.C.[Tomcat].[localhost].[/]       : Initializing Spring embedded WebApplicationContext
2024-03-02T02:34:50.362+05:30  INFO 31774 --- [           main] w.s.c.ServletWebServerApplicationContext : Root WebApplicationContext: initialization completed in 1026 ms
2024-03-02T02:34:50.459+05:30  INFO 31774 --- [           main] o.hibernate.jpa.internal.util.LogHelper  : HHH000204: Processing PersistenceUnitInfo [name: default]
2024-03-02T02:34:50.495+05:30  INFO 31774 --- [           main] org.hibernate.Version                    : HHH000412: Hibernate ORM core version 6.3.1.Final
2024-03-02T02:34:50.516+05:30  INFO 31774 --- [           main] o.h.c.internal.RegionFactoryInitiator    : HHH000026: Second-level cache disabled
2024-03-02T02:34:50.649+05:30  INFO 31774 --- [           main] o.s.o.j.p.SpringPersistenceUnitInfo      : No LoadTimeWeaver setup: ignoring JPA class transformer
2024-03-02T02:34:50.676+05:30  INFO 31774 --- [           main] com.zaxxer.hikari.HikariDataSource       : HikariPool-1 - Starting...
2024-03-02T02:34:50.790+05:30  INFO 31774 --- [           main] com.zaxxer.hikari.pool.HikariPool        : HikariPool-1 - Added connection org.postgresql.jdbc.PgConnection@577bfadb
2024-03-02T02:34:50.791+05:30  INFO 31774 --- [           main] com.zaxxer.hikari.HikariDataSource       : HikariPool-1 - Start completed.
2024-03-02T02:34:51.461+05:30  INFO 31774 --- [           main] o.h.e.t.j.p.i.JtaPlatformInitiator       : HHH000489: No JTA platform available (set 'hibernate.transaction.jta.platform' to enable JTA platform integration)
2024-03-02T02:34:51.501+05:30 DEBUG 31774 --- [           main] org.hibernate.SQL                        : alter table if exists categories drop constraint if exists UKqmej2u8u0bcsvaqnfc3jodihe
2024-03-02T02:34:51.503+05:30  WARN 31774 --- [           main] o.h.engine.jdbc.spi.SqlExceptionHelper   : SQL Warning Code: 0, SQLState: 00000
2024-03-02T02:34:51.503+05:30  WARN 31774 --- [           main] o.h.engine.jdbc.spi.SqlExceptionHelper   : constraint "ukqmej2u8u0bcsvaqnfc3jodihe" of relation "categories" does not exist, skipping
2024-03-02T02:34:51.503+05:30 DEBUG 31774 --- [           main] org.hibernate.SQL                        : alter table if exists categories add constraint UKqmej2u8u0bcsvaqnfc3jodihe unique (owner_id, name)
2024-03-02T02:34:51.568+05:30  INFO 31774 --- [           main] j.LocalContainerEntityManagerFactoryBean : Initialized JPA EntityManagerFactory for persistence unit 'default'
2024-03-02T02:34:51.764+05:30  INFO 31774 --- [           main] o.s.d.j.r.query.QueryEnhancerFactory     : Hibernate is in classpath; If applicable, HQL parser will be used.
2024-03-02T02:34:51.890+05:30  WARN 31774 --- [           main] JpaBaseConfiguration$JpaWebConfiguration : spring.jpa.open-in-view is enabled by default. Therefore, database queries may be performed during view rendering. Explicitly configure spring.jpa.open-in-view to disable this warning
2024-03-02T02:34:53.048+05:30  INFO 31774 --- [           main] o.s.s.web.DefaultSecurityFilterChain     : Will secure any request with [org.springframework.security.web.session.DisableEncodeUrlFilter@50798d39, org.springframework.security.web.context.request.async.WebAsyncManagerIntegrationFilter@9b8d3db, org.springframework.security.web.context.SecurityContextHolderFilter@26ac8501, org.springframework.security.web.header.HeaderWriterFilter@27523869, org.springframework.web.filter.CorsFilter@5c24a636, org.springframework.security.web.authentication.logout.LogoutFilter@25607b86, rs.lab.notes.filters.JwtAuthenticationFilter@4b5ceb5d, org.springframework.security.web.savedrequest.RequestCacheAwareFilter@35ef65e2, org.springframework.security.web.servletapi.SecurityContextHolderAwareRequestFilter@6080230a, org.springframework.security.web.authentication.AnonymousAuthenticationFilter@332e4784, org.springframework.security.web.session.SessionManagementFilter@5a2661dc, org.springframework.security.web.access.ExceptionTranslationFilter@1fab1909]
2024-03-02T02:34:53.097+05:30  INFO 31774 --- [           main] o.s.b.a.w.s.WelcomePageHandlerMapping    : Adding welcome page: class path resource [static/index.html]
2024-03-02T02:34:53.619+05:30  INFO 31774 --- [           main] o.s.b.w.embedded.tomcat.TomcatWebServer  : Tomcat started on port 8080 (http) with context path ''
2024-03-02T02:34:53.718+05:30 DEBUG 31774 --- [           main] org.hibernate.SQL                        : select r1_0.id,r1_0.created_at,r1_0.description,r1_0.modified_at,r1_0.name from roles r1_0 where r1_0.name=?
2024-03-02T02:34:53.719+05:30 TRACE 31774 --- [           main] org.hibernate.orm.jdbc.bind              : binding parameter (1:VARCHAR) <- [DEFAULT]
Role(id=1, name=DEFAULT, description=Default user role, createdAt=2024-03-02 02:34:04.422, modifiedAt=2024-03-02 02:34:04.422)
2024-03-02T02:34:53.731+05:30 DEBUG 31774 --- [           main] org.hibernate.SQL                        : select r1_0.id,r1_0.created_at,r1_0.description,r1_0.modified_at,r1_0.name from roles r1_0 where r1_0.name=?
2024-03-02T02:34:53.731+05:30 TRACE 31774 --- [           main] org.hibernate.orm.jdbc.bind              : binding parameter (1:VARCHAR) <- [USER]
Role(id=2, name=USER, description=User role, createdAt=2024-03-02 02:34:04.436, modifiedAt=2024-03-02 02:34:04.436)
2024-03-02T02:34:53.733+05:30 DEBUG 31774 --- [           main] org.hibernate.SQL                        : select r1_0.id,r1_0.created_at,r1_0.description,r1_0.modified_at,r1_0.name from roles r1_0 where r1_0.name=?
2024-03-02T02:34:53.733+05:30 TRACE 31774 --- [           main] org.hibernate.orm.jdbc.bind              : binding parameter (1:VARCHAR) <- [ADMIN]
Role(id=3, name=ADMIN, description=Administrator role, createdAt=2024-03-02 02:34:04.438, modifiedAt=2024-03-02 02:34:04.438)
2024-03-02T02:34:53.740+05:30 DEBUG 31774 --- [           main] org.hibernate.SQL                        : select u1_0.id,u1_0.created_at,u1_0.email,u1_0.full_name,u1_0.locked,u1_0.password_hash,u1_0.updated_at from users u1_0 where u1_0.email=?
2024-03-02T02:34:53.740+05:30 TRACE 31774 --- [           main] org.hibernate.orm.jdbc.bind              : binding parameter (1:VARCHAR) <- [sam@example.com]
2024-03-02T02:34:53.749+05:30 DEBUG 31774 --- [           main] org.hibernate.SQL                        : select r1_0.user_id,r1_1.id,r1_1.created_at,r1_1.description,r1_1.modified_at,r1_1.name from users_roles r1_0 join roles r1_1 on r1_1.id=r1_0.roles_id where r1_0.user_id=?
2024-03-02T02:34:53.749+05:30 TRACE 31774 --- [           main] org.hibernate.orm.jdbc.bind              : binding parameter (1:BIGINT) <- [1]
User(id=1, fullName=Sam Spade, email=sam@example.com, passwordHash=$2a$10$Wv0RADtp/A7IHkSoec5G9Ow8kxMJTcmhHCcX3i6LPzX5xn30an31S, locked=false, createdAt=2024-03-02 02:34:04.618, updatedAt=2024-03-02 02:34:04.618, roles=[Role(id=2, name=USER, description=User role, createdAt=2024-03-02 02:34:04.436, modifiedAt=2024-03-02 02:34:04.436), Role(id=3, name=ADMIN, description=Administrator role, createdAt=2024-03-02 02:34:04.438, modifiedAt=2024-03-02 02:34:04.438)])
2024-03-02T02:34:53.760+05:30 DEBUG 31774 --- [           main] org.hibernate.SQL                        : select u1_0.id,u1_0.created_at,u1_0.email,u1_0.full_name,u1_0.locked,u1_0.password_hash,u1_0.updated_at from users u1_0 where u1_0.email=?
2024-03-02T02:34:53.760+05:30 TRACE 31774 --- [           main] org.hibernate.orm.jdbc.bind              : binding parameter (1:VARCHAR) <- [tom@example.com]
2024-03-02T02:34:53.762+05:30 DEBUG 31774 --- [           main] org.hibernate.SQL                        : select r1_0.user_id,r1_1.id,r1_1.created_at,r1_1.description,r1_1.modified_at,r1_1.name from users_roles r1_0 join roles r1_1 on r1_1.id=r1_0.roles_id where r1_0.user_id=?
2024-03-02T02:34:53.762+05:30 TRACE 31774 --- [           main] org.hibernate.orm.jdbc.bind              : binding parameter (1:BIGINT) <- [2]
User(id=2, fullName=Tom Spade, email=tom@example.com, passwordHash=$2a$10$gXNPPAv1sU3tXgU7ev1Mq.zND3KeehmbjuXxnWZAcC5im9.HRvzkO, locked=false, createdAt=2024-03-02 02:34:04.755, updatedAt=2024-03-02 02:34:04.755, roles=[Role(id=2, name=USER, description=User role, createdAt=2024-03-02 02:34:04.436, modifiedAt=2024-03-02 02:34:04.436)])
2024-03-02T02:34:53.764+05:30 DEBUG 31774 --- [           main] org.hibernate.SQL                        : select u1_0.id,u1_0.created_at,u1_0.email,u1_0.full_name,u1_0.locked,u1_0.password_hash,u1_0.updated_at from users u1_0 where u1_0.email=?
2024-03-02T02:34:53.765+05:30 TRACE 31774 --- [           main] org.hibernate.orm.jdbc.bind              : binding parameter (1:VARCHAR) <- [joe@example.com]
2024-03-02T02:34:53.766+05:30 DEBUG 31774 --- [           main] org.hibernate.SQL                        : select r1_0.user_id,r1_1.id,r1_1.created_at,r1_1.description,r1_1.modified_at,r1_1.name from users_roles r1_0 join roles r1_1 on r1_1.id=r1_0.roles_id where r1_0.user_id=?
2024-03-02T02:34:53.766+05:30 TRACE 31774 --- [           main] org.hibernate.orm.jdbc.bind              : binding parameter (1:BIGINT) <- [3]
User(id=3, fullName=Joe Spade, email=joe@example.com, passwordHash=$2a$10$fqAGXCKfOLg/Oib4W7eTUOaW5hmnFEoMBZjBsnIE4EsoBA3k0ZzZ6, locked=false, createdAt=2024-03-02 02:34:04.884, updatedAt=2024-03-02 02:34:04.884, roles=[Role(id=2, name=USER, description=User role, createdAt=2024-03-02 02:34:04.436, modifiedAt=2024-03-02 02:34:04.436)])
2024-03-02T02:34:53.768+05:30 DEBUG 31774 --- [           main] org.hibernate.SQL                        : select c1_0.id,c1_0.created_at,c1_0.modified_at,c1_0.name from categories c1_0 where c1_0.name=?
2024-03-02T02:34:53.768+05:30 TRACE 31774 --- [           main] org.hibernate.orm.jdbc.bind              : binding parameter (1:VARCHAR) <- [Category 1]
Category(id=1, name=Category 1, createdAt=2024-03-02 02:34:04.895, modifiedAt=2024-03-02 02:34:04.895)
2024-03-02T02:34:53.771+05:30 DEBUG 31774 --- [           main] org.hibernate.SQL                        : select c1_0.id,c1_0.created_at,c1_0.modified_at,c1_0.name from categories c1_0 where c1_0.name=?
2024-03-02T02:34:53.771+05:30 TRACE 31774 --- [           main] org.hibernate.orm.jdbc.bind              : binding parameter (1:VARCHAR) <- [Category 2]
Category(id=2, name=Category 2, createdAt=2024-03-02 02:34:04.9, modifiedAt=2024-03-02 02:34:04.9)
2024-03-02T02:34:53.772+05:30 DEBUG 31774 --- [           main] org.hibernate.SQL                        : select c1_0.id,c1_0.created_at,c1_0.modified_at,c1_0.name from categories c1_0 where c1_0.name=?
2024-03-02T02:34:53.772+05:30 TRACE 31774 --- [           main] org.hibernate.orm.jdbc.bind              : binding parameter (1:VARCHAR) <- [Category 3]
Category(id=3, name=Category 3, createdAt=2024-03-02 02:34:04.904, modifiedAt=2024-03-02 02:34:04.904)
2024-03-02T02:34:53.774+05:30  INFO 31774 --- [           main] rs.lab.notes.NotesApplication            : Started NotesApplication in 4.691 seconds (process running for 4.899)
[INFO] ------------------------------------------------------------------------
[INFO] BUILD FAILURE
[INFO] ------------------------------------------------------------------------
[INFO] Total time:  05:35 min
[INFO] Finished at: 2024-03-02T02:40:23+05:30
[INFO] ------------------------------------------------------------------------
[ERROR] Failed to execute goal org.springframework.boot:spring-boot-maven-plugin:3.0.0:run (default-cli) on project notes: Process terminated with exit code: 137 -> [Help 1]
[ERROR] 
[ERROR] To see the full stack trace of the errors, re-run Maven with the -e switch.
[ERROR] Re-run Maven using the -X switch to enable full debug logging.
[ERROR] 
[ERROR] For more information about the errors and possible solutions, please read the following articles:
[ERROR] [Help 1] http://cwiki.apache.org/confluence/display/MAVEN/MojoExecutionException
